2025-05-17 18:38:49,968 - __main__ - INFO - Starting skin cancer classification model training
2025-05-17 18:38:49,968 - __main__ - INFO - Loading metadata...
2025-05-17 18:38:50,095 - __main__ - INFO - Class distribution:
2025-05-17 18:38:50,095 - __main__ - INFO -   nv: 6705 (66.95%)
2025-05-17 18:38:50,095 - __main__ - INFO -   mel: 1113 (11.11%)
2025-05-17 18:38:50,095 - __main__ - INFO -   bkl: 1099 (10.97%)
2025-05-17 18:38:50,095 - __main__ - INFO -   bcc: 514 (5.13%)
2025-05-17 18:38:50,095 - __main__ - INFO -   akiec: 327 (3.27%)
2025-05-17 18:38:50,095 - __main__ - INFO -   vasc: 142 (1.42%)
2025-05-17 18:38:50,095 - __main__ - INFO -   df: 115 (1.15%)
2025-05-17 18:38:50,102 - __main__ - INFO - Training samples: 6810
2025-05-17 18:38:50,102 - __main__ - INFO - Validation samples: 1202
2025-05-17 18:38:50,102 - __main__ - INFO - Testing samples: 2003
2025-05-17 18:38:50,457 - __main__ - INFO - Balanced dataset size: 31913
2025-05-17 18:48:59,219 - absl - WARNING - You are saving your model as an HDF5 file via `model.save()` or `keras.saving.save_model(model)`. This file format is considered legacy. We recommend using instead the native Keras format, e.g. `model.save('my_model.keras')` or `keras.saving.save_model(model, 'my_model.keras')`. 
2025-05-17 19:00:17,921 - absl - WARNING - You are saving your model as an HDF5 file via `model.save()` or `keras.saving.save_model(model)`. This file format is considered legacy. We recommend using instead the native Keras format, e.g. `model.save('my_model.keras')` or `keras.saving.save_model(model, 'my_model.keras')`. 
2025-05-17 19:22:31,041 - absl - WARNING - You are saving your model as an HDF5 file via `model.save()` or `keras.saving.save_model(model)`. This file format is considered legacy. We recommend using instead the native Keras format, e.g. `model.save('my_model.keras')` or `keras.saving.save_model(model, 'my_model.keras')`. 
2025-05-17 19:34:14,696 - absl - WARNING - You are saving your model as an HDF5 file via `model.save()` or `keras.saving.save_model(model)`. This file format is considered legacy. We recommend using instead the native Keras format, e.g. `model.save('my_model.keras')` or `keras.saving.save_model(model, 'my_model.keras')`. 
2025-05-17 19:50:21,601 - absl - WARNING - You are saving your model as an HDF5 file via `model.save()` or `keras.saving.save_model(model)`. This file format is considered legacy. We recommend using instead the native Keras format, e.g. `model.save('my_model.keras')` or `keras.saving.save_model(model, 'my_model.keras')`. 
2025-05-17 20:23:40,291 - absl - WARNING - You are saving your model as an HDF5 file via `model.save()` or `keras.saving.save_model(model)`. This file format is considered legacy. We recommend using instead the native Keras format, e.g. `model.save('my_model.keras')` or `keras.saving.save_model(model, 'my_model.keras')`. 
2025-05-17 20:37:33,534 - absl - WARNING - You are saving your model as an HDF5 file via `model.save()` or `keras.saving.save_model(model)`. This file format is considered legacy. We recommend using instead the native Keras format, e.g. `model.save('my_model.keras')` or `keras.saving.save_model(model, 'my_model.keras')`. 
2025-05-17 21:11:24,337 - absl - WARNING - You are saving your model as an HDF5 file via `model.save()` or `keras.saving.save_model(model)`. This file format is considered legacy. We recommend using instead the native Keras format, e.g. `model.save('my_model.keras')` or `keras.saving.save_model(model, 'my_model.keras')`. 
2025-05-17 21:37:44,473 - absl - WARNING - You are saving your model as an HDF5 file via `model.save()` or `keras.saving.save_model(model)`. This file format is considered legacy. We recommend using instead the native Keras format, e.g. `model.save('my_model.keras')` or `keras.saving.save_model(model, 'my_model.keras')`. 
2025-05-17 22:03:51,417 - absl - WARNING - You are saving your model as an HDF5 file via `model.save()` or `keras.saving.save_model(model)`. This file format is considered legacy. We recommend using instead the native Keras format, e.g. `model.save('my_model.keras')` or `keras.saving.save_model(model, 'my_model.keras')`. 
2025-05-17 22:51:43,544 - absl - WARNING - You are saving your model as an HDF5 file via `model.save()` or `keras.saving.save_model(model)`. This file format is considered legacy. We recommend using instead the native Keras format, e.g. `model.save('my_model.keras')` or `keras.saving.save_model(model, 'my_model.keras')`. 
2025-05-17 23:05:35,737 - absl - WARNING - Compiled the loaded model, but the compiled metrics have yet to be built. `model.compile_metrics` will be empty until you train or evaluate the model.
2025-05-17 23:06:25,620 - __main__ - INFO - Test Accuracy: 0.6046
2025-05-17 23:07:16,774 - __main__ - INFO - Balanced Accuracy: 0.3948
2025-05-17 23:07:16,774 - __main__ - INFO - 
Classification Report:
2025-05-17 23:07:16,782 - __main__ - INFO - 
              precision    recall  f1-score   support

       akiec     0.8968    0.8615    0.8788        65
         bcc     0.8958    0.8252    0.8591       103
         bkl     0.9000    0.8182    0.8573       220
          df     0.8485    0.6087    0.7089        23
         mel     0.9112    0.8462    0.8775       349
          nv     0.9182    0.9565    0.9370       680
        vasc     0.6190    0.9286    0.7416        28

    accuracy                         0.8951      1468
   macro avg     0.8556    0.8349    0.8372      1468
weighted avg     0.8995    0.8951    0.8933      1468

2025-05-17 23:07:16,921 - absl - WARNING - You are saving your model as an HDF5 file via `model.save()` or `keras.saving.save_model(model)`. This file format is considered legacy. We recommend using instead the native Keras format, e.g. `model.save('my_model.keras')` or `keras.saving.save_model(model, 'my_model.keras')`. 
